<html>
<body>
<pre>
<h1>µVision Build Log</h1>
<h2>Tool Versions:</h2>
IDE-Version: ¦ÌVision V5.18.0.0
Copyright (C) 2016 ARM Ltd and ARM Germany GmbH. All rights reserved.
License Information: yukang peng, VHD, LIC=14HPA-1JPK1-C2FLH-UCE67-EABNQ-K9D07
 
Tool Versions:
Toolchain:       MDK-ARM Standard  Version: 5.18
Toolchain Path:  D:\Keil_v5\ARM\ARMCC\Bin
C Compiler:      Armcc.exe V5.06 update 1 (build 61)
Assembler:       Armasm.exe V5.06 update 1 (build 61)
Linker/Locator:  ArmLink.exe V5.06 update 1 (build 61)
Library Manager: ArmAr.exe V5.06 update 1 (build 61)
Hex Converter:   FromElf.exe V5.06 update 1 (build 61)
CPU DLL:         SARMCM3.DLL V5.18
Dialog DLL:      DCM.DLL V1.13.6.0
Target DLL:      UL2CM3.DLL V1.157.5.0
Dialog DLL:      TCM.DLL V1.14.8.0
 
<h2>Project:</h2>
C:\Users\PK\Desktop\RTOS\Project\uc_os-¢ó.uvprojx
Project File Date:  03/16/2021

<h2>Output:</h2>
*** Using Compiler 'V5.06 update 1 (build 61)', folder: 'D:\Keil_v5\ARM\ARMCC\Bin'
Build target 'Target 1'
compiling os_task.c...
..\User\uC-CPU\cpu.h(23): warning:  #1-D: last line of file ends without a newline
  #endif
..\User\uc-OS-â…¢\Ports\os.h(19): warning:  #1-D: last line of file ends without a newline
  #endif
..\User\uc-OS-â…¢\Source\os_task.c(12): warning:  #223-D: function "OSTaskStkInit" declared implicitly
  	p_sp = OSTaskStkInit(p_task, p_arg, p_stk_size, stk_size, *p_err);
..\User\uc-OS-â…¢\Source\os_task.c(12): error:  #20: identifier "p_stk_size" is undefined
  	p_sp = OSTaskStkInit(p_task, p_arg, p_stk_size, stk_size, *p_err);
..\User\uc-OS-â…¢\Source\os_task.c(12): error:  #513: a value of type "int" cannot be assigned to an entity of type "CPU_STK *"
  	p_sp = OSTaskStkInit(p_task, p_arg, p_stk_size, stk_size, *p_err);
..\User\uc-OS-â…¢\Source\os_task.c(15): error:  #109: expression preceding parentheses of apparent call must have (pointer-to-) function type
  	*p_err = OS_ERR_NONE();
..\User\uc-OS-â…¢\Source\os_task.c(16): warning:  #1-D: last line of file ends without a newline
  }
..\User\uc-OS-¢ó\Source\os_task.c: 4 warnings, 3 errors
compiling os_cpu_c.c...
..\User\uC-CPU\cpu.h(23): warning:  #1-D: last line of file ends without a newline
  #endif
..\User\uc-OS-â…¢\Ports\os.h(19): warning:  #1-D: last line of file ends without a newline
  #endif
..\User\uC-CPU\os_cpu_c.c(32): warning:  #1-D: last line of file ends without a newline
  }
..\User\uC-CPU\os_cpu_c.c: 3 warnings, 0 errors
compiling app.c...
..\User\uC-CPU\cpu.h(23): warning:  #1-D: last line of file ends without a newline
  #endif
..\User\uc-lib\common.h(8): warning:  #1-D: last line of file ends without a newline
  #endif
..\User\app.c(7): warning:  #177-D: variable "Task1Stk" was declared but never referenced
  static CPU_STK Task1Stk[TASK1_STK_SIZE];
..\User\app.c(8): warning:  #177-D: variable "Task2Stk" was declared but never referenced
  static CPU_STK Task2Stk[TASK2_STK_SIZE];
..\User\app.c: 4 warnings, 0 errors
".\Objects\uc_os-¢ó.axf" - 3 Error(s), 11 Warning(s).

<h2>Software Packages used:</h2>

Package Vendor: ARM
                http://www.keil.com/pack/ARM.CMSIS.4.5.0.pack
                ARM::Device:Startup:1.0.1
                CMSIS (Cortex Microcontroller Software Interface Standard)
   * Component: Startup Version: 1.0.1
   * Component: CORE Version: 4.3.0

<h2>Collection of Component include folders:</h2>
  C:\Users\PK\Desktop\RTOS\Project\RTE
  D:\Keil_v5\ARM\PACK\ARM\CMSIS\4.5.0\CMSIS\Include
  D:\Keil_v5\ARM\PACK\ARM\CMSIS\4.5.0\Device\ARM\ARMCM3\Include

<h2>Collection of Component Files used:</h2>

   * Component: ARM::Device:Startup:1.0.1
      Source file:   Device\ARM\ARMCM3\Source\system_ARMCM3.c
      Include file:  Device\ARM\ARMCM3\Include\ARMCM3.h
      Source file:   Device\ARM\ARMCM3\Source\ARM\startup_ARMCM3.s

   * Component: ARM::CMSIS:CORE:4.3.0
Target not created.
Build Time Elapsed:  00:00:01
</pre>
</body>
</html>
